c:\users\tucker\documents\visual studio 2015\projects\engine\engine\debug\vc140.pdb
c:\users\tucker\documents\visual studio 2015\projects\engine\engine\debug\vc140.idb
c:\users\tucker\documents\visual studio 2015\projects\engine\engine\debug\graphics.obj
c:\users\tucker\documents\visual studio 2015\projects\engine\engine\debug\input.obj
c:\users\tucker\documents\visual studio 2015\projects\engine\engine\debug\system.obj
c:\users\tucker\documents\visual studio 2015\projects\engine\engine\debug\main.obj
c:\users\tucker\documents\visual studio 2015\projects\engine\engine\debug\d3d.obj
c:\users\tucker\documents\visual studio 2015\projects\engine\engine\debug\camera.obj
c:\users\tucker\documents\visual studio 2015\projects\engine\engine\debug\colorshader.obj
c:\users\tucker\documents\visual studio 2015\projects\engine\engine\debug\model.obj
c:\users\tucker\documents\visual studio 2015\projects\engine\engine\debug\ship.obj
c:\users\tucker\documents\visual studio 2015\projects\engine\debug\engine.ilk
c:\users\tucker\documents\visual studio 2015\projects\engine\debug\engine.exe
c:\users\tucker\documents\visual studio 2015\projects\engine\debug\engine.pdb
c:\users\tucker\documents\visual studio 2015\projects\engine\engine\debug\engine.tlog\cl.command.1.tlog
c:\users\tucker\documents\visual studio 2015\projects\engine\engine\debug\engine.tlog\cl.read.1.tlog
c:\users\tucker\documents\visual studio 2015\projects\engine\engine\debug\engine.tlog\cl.write.1.tlog
c:\users\tucker\documents\visual studio 2015\projects\engine\engine\debug\engine.tlog\link.command.1.tlog
c:\users\tucker\documents\visual studio 2015\projects\engine\engine\debug\engine.tlog\link.read.1.tlog
c:\users\tucker\documents\visual studio 2015\projects\engine\engine\debug\engine.tlog\link.write.1.tlog
